2023-08-16T13:25:18.101+02:00| vmx| I005: Log for VMware Workstation pid=19868 version=16.0.0 build=build-16894299 option=Release
2023-08-16T13:25:18.101+02:00| vmx| I005: The host is 64-bit.
2023-08-16T13:25:18.101+02:00| vmx| I005: Host codepage=windows-936 encoding=GBK
2023-08-16T13:25:18.101+02:00| vmx| I005: Host is Windows 10 Home, 64-bit (Build 19045.3086)
2023-08-16T13:25:18.088+02:00| vmx| I005: VTHREAD 19864 "vmx"
2023-08-16T13:25:18.090+02:00| vmx| I005: DictionaryLoad: Cannot open file "C:\ProgramData\VMware\vCenterServer\cfg\vsphereFeatures\techPreview.cfg": The system cannot find the path specified.
2023-08-16T13:25:18.090+02:00| vmx| I005: [msg.dictionary.load.openFailed] Cannot open file "C:\ProgramData\VMware\vCenterServer\cfg\vsphereFeatures\techPreview.cfg": The system cannot find the path specified.
2023-08-16T13:25:18.090+02:00| vmx| I005: FeatureStateLib: Error while loading tech preview config file: C:\ProgramData\VMware\vCenterServer\cfg\vsphereFeatures\techPreview.cfg, using default (disabled) for all Tech Preview features.
2023-08-16T13:25:18.092+02:00| vmx| I005: LOCALE GBK -> NULL User=419 System=804
2023-08-16T13:25:18.092+02:00| vmx| I005: Msg_SetLocaleEx: HostLocale=GBK UserLocale=NULL
2023-08-16T13:25:18.094+02:00| vmx| I005: DictionaryLoad: Cannot open file "C:\Users\Lowrence\AppData\Roaming\VMware\config.ini": The system cannot find the file specified.
2023-08-16T13:25:18.094+02:00| vmx| I005: Msg_Reset:
2023-08-16T13:25:18.094+02:00| vmx| I005: [msg.dictionary.load.openFailed] Cannot open file "C:\Users\Lowrence\AppData\Roaming\VMware\config.ini": The system cannot find the file specified.
2023-08-16T13:25:18.094+02:00| vmx| I005: ----------------------------------------
2023-08-16T13:25:18.094+02:00| vmx| I005: ConfigDB: Failed to load C:\Users\Lowrence\AppData\Roaming\VMware\config.ini
2023-08-16T13:25:18.094+02:00| vmx| I005: Win32U_GetFileAttributes: GetFileAttributesExW("C:\vm3\Windows 10 x64.vmpl", ...) failed, error: 2
2023-08-16T13:25:18.094+02:00| vmx| I005: OBJLIB-LIB: Objlib initialized.
2023-08-16T13:25:18.095+02:00| vmx| I005: DictionaryLoad: Cannot open file "C:\Users\Lowrence\AppData\Roaming\VMware\config.ini": The system cannot find the file specified.
2023-08-16T13:25:18.095+02:00| vmx| I005: [msg.dictionary.load.openFailed] Cannot open file "C:\Users\Lowrence\AppData\Roaming\VMware\config.ini": The system cannot find the file specified.
2023-08-16T13:25:18.095+02:00| vmx| I005: PREF Optional preferences file not found at C:\Users\Lowrence\AppData\Roaming\VMware\config.ini. Using default values.
2023-08-16T13:25:18.095+02:00| vmx| I005: UUID: SMBIOS UUID is reported as '58 3d e4 e7 9f 4b 11 eb-80 dc 08 97 98 f0 2a ce'.
2023-08-16T13:25:18.099+02:00| vmx| I005: lib/ssl: OpenSSL using FIPS_drbg for RAND
2023-08-16T13:25:18.099+02:00| vmx| I005: lib/ssl: protocol list tls1.2
2023-08-16T13:25:18.099+02:00| vmx| I005: lib/ssl: protocol list tls1.2 (openssl flags 0x17000000)
2023-08-16T13:25:18.099+02:00| vmx| I005: lib/ssl: cipher list ECDHE+AESGCM:RSA+AESGCM:ECDHE+AES:RSA+AES
2023-08-16T13:25:18.099+02:00| vmx| I005: lib/ssl: curves list prime256v1:secp384r1:secp521r1
2023-08-16T13:25:18.111+02:00| vmx| I005: Hostname=DESKTOP-IO4PQS9N
2023-08-16T13:25:18.114+02:00| vmx| I005: IP=fe80::647a:37b5:82cc:880%10
2023-08-16T13:25:18.114+02:00| vmx| I005: IP=192.168.1.6
2023-08-16T13:25:18.136+02:00| vmx| I005: System uptime 332953958 us
2023-08-16T13:25:18.136+02:00| vmx| I005: Command line: "C:\Program Files (x86)\VMware\VMware Workstation\x64\vmware-vmx.exe" "-T" "querytoken" "-s" "vmx.stdio.keep=TRUE" "-#" "product=1;name=VMware Workstation;version=16.0.0;buildnumber=16894299;licensename=VMware Workstation;licenseversion=16.0;" "-@" "pipe=\\.\pipe\vmx80dcca773b158778;msgs=ui" "C:\vm3\Windows 10 x64.vmx"
2023-08-16T13:25:18.136+02:00| vmx| I005: Msg_SetLocaleEx: HostLocale=GBK UserLocale=NULL
2023-08-16T13:25:18.156+02:00| vmx| I005: WQPoolAllocPoll : pollIx = 1, signalHandle = 868
2023-08-16T13:25:18.156+02:00| vmx| I005: WQPoolAllocPoll : pollIx = 2, signalHandle = 876
2023-08-16T13:25:18.157+02:00| vmx| I005: VigorTransport listening on fd 888
2023-08-16T13:25:18.157+02:00| vmx| I005: Vigor_Init 1
2023-08-16T13:25:18.157+02:00| vmx| I005: Connecting 'ui' to pipe '\\.\pipe\vmx80dcca773b158778' with user '(null)'
2023-08-16T13:25:18.157+02:00| vmx| I005: VMXVmdb: Local connection timeout: 60000 ms.
2023-08-16T13:25:18.181+02:00| vmx| I005: VmdbAddConnection: cnxPath=/db/connection/#1/, cnxIx=1
2023-08-16T13:25:18.181+02:00| vmx| I005: Vix: [mainDispatch.c:486]: VMAutomation: Initializing VMAutomation.
2023-08-16T13:25:18.182+02:00| vmx| I005: Vix: [mainDispatch.c:738]: VMAutomationOpenListenerSocket() listening
2023-08-16T13:25:18.187+02:00| vmx| I005: Vix: [mainDispatch.c:4204]: VMAutomation_ReportPowerOpFinished: statevar=0, newAppState=1870, success=1 additionalError=0
2023-08-16T13:25:18.187+02:00| vmx| I005: Transitioned vmx/execState/val to poweredOff
2023-08-16T13:25:18.187+02:00| vmx| I005: Vix: [mainDispatch.c:4204]: VMAutomation_ReportPowerOpFinished: statevar=1, newAppState=1873, success=1 additionalError=0
2023-08-16T13:25:18.187+02:00| vmx| I005: Vix: [mainDispatch.c:4204]: VMAutomation_ReportPowerOpFinished: statevar=2, newAppState=1877, success=1 additionalError=0
2023-08-16T13:25:18.187+02:00| vmx| I005: Vix: [mainDispatch.c:4204]: VMAutomation_ReportPowerOpFinished: statevar=3, newAppState=1881, success=1 additionalError=0
2023-08-16T13:25:18.198+02:00| vmx| I005: IOPL_VBSRunning: VBS is set to 0
2023-08-16T13:25:18.199+02:00| vmx| I005: IOCTL_VMX86_SET_MEMORY_PARAMS already set
2023-08-16T13:25:18.200+02:00| vmx| I005: FeatureCompat: No EVC masks.
2023-08-16T13:25:18.205+02:00| vmx| I005: hostCPUID vendor: GenuineIntel
2023-08-16T13:25:18.205+02:00| vmx| I005: hostCPUID family: 0x6 model: 0xa5 stepping: 0x2
2023-08-16T13:25:18.205+02:00| vmx| I005: hostCPUID codename: Comet Lake S
2023-08-16T13:25:18.205+02:00| vmx| I005: hostCPUID name: Intel(R) Core(TM) i7-10750H CPU @ 2.60GHz
2023-08-16T13:25:18.205+02:00| vmx| I005: hostCPUID level 00000000, 0: 0x00000016 0x756e6547 0x6c65746e 0x49656e69
2023-08-16T13:25:18.205+02:00| vmx| I005: hostCPUID level 00000001, 0: 0x000a0652 0x00100800 0x7ffafbbf 0xbfebfbff
2023-08-16T13:25:18.205+02:00| vmx| I005: hostCPUID level 00000002, 0: 0x76036301 0x00f0b5ff 0x00000000 0x00c30000
2023-08-16T13:25:18.205+02:00| vmx| I005: hostCPUID level 00000003, 0: 0x00000000 0x00000000 0x00000000 0x00000000
2023-08-16T13:25:18.205+02:00| vmx| I005: hostCPUID level 00000004, 0: 0x1c004121 0x01c0003f 0x0000003f 0x00000000
2023-08-16T13:25:18.205+02:00| vmx| I005: hostCPUID level 00000004, 1: 0x1c004122 0x01c0003f 0x0000003f 0x00000000
2023-08-16T13:25:18.205+02:00| vmx| I005: hostCPUID level 00000004, 2: 0x1c004143 0x00c0003f 0x000003ff 0x00000000
2023-08-16T13:25:18.205+02:00| vmx| I005: hostCPUID level 00000004, 3: 0x1c03c163 0x03c0003f 0x00002fff 0x00000006
2023-08-16T13:25:18.205+02:00| vmx| I005: hostCPUID level 00000004, 4: 0x00000000 0x00000000 0x00000000 0x00000000
2023-08-16T13:25:18.205+02:00| vmx| I005: hostCPUID level 00000005, 0: 0x00000040 0x00000040 0x00000003 0x11142120
2023-08-16T13:25:18.205+02:00| vmx| I005: hostCPUID level 00000006, 0: 0x000027f7 0x00000002 0x00000009 0x00000000
2023-08-16T13:25:18.205+02:00| vmx| I005: hostCPUID level 00000007, 0: 0x00000000 0x029c67af 0x40000008 0xbc000400
2023-08-16T13:25:18.205+02:00| vmx| I005: hostCPUID level 00000008, 0: 0x00000000 0x00000000 0x00000000 0x00000000
2023-08-16T13:25:18.205+02:00| vmx| I005: hostCPUID level 00000009, 0: 0x00000000 0x00000000 0x00000000 0x00000000
2023-08-16T13:25:18.205+02:00| vmx| I005: hostCPUID level 0000000a, 0: 0x07300404 0x00000000 0x00000000 0x00000603
2023-08-16T13:25:18.205+02:00| vmx| I005: hostCPUID level 0000000b, 0: 0x00000001 0x00000002 0x00000100 0x00000000
2023-08-16T13:25:18.205+02:00| vmx| I005: hostCPUID level 0000000b, 1: 0x00000004 0x0000000c 0x00000201 0x00000000
2023-08-16T13:25:18.205+02:00| vmx| I005: hostCPUID level 0000000b, 2: 0x00000000 0x00000000 0x00000002 0x00000000
2023-08-16T13:25:18.205+02:00| vmx| I005: hostCPUID level 0000000c, 0: 0x00000000 0x00000000 0x00000000 0x00000000
2023-08-16T13:25:18.205+02:00| vmx| I005: hostCPUID level 0000000d, 0: 0x0000021f 0x00000440 0x00000a88 0x00000000
2023-08-16T13:25:18.205+02:00| vmx| I005: hostCPUID level 0000000d, 1: 0x0000000f 0x00000440 0x00000100 0x00000000
2023-08-16T13:25:18.205+02:00| vmx| I005: hostCPUID level 0000000d, 2: 0x00000100 0x00000240 0x00000000 0x00000000
2023-08-16T13:25:18.205+02:00| vmx| I005: hostCPUID level 0000000d, 3: 0x00000040 0x000003c0 0x00000000 0x00000000
2023-08-16T13:25:18.205+02:00| vmx| I005: hostCPUID level 0000000d, 4: 0x00000040 0x00000400 0x00000000 0x00000000
2023-08-16T13:25:18.205+02:00| vmx| I005: hostCPUID level 0000000d, 5: 0x00000000 0x00000000 0x00000000 0x00000000
2023-08-16T13:25:18.205+02:00| vmx| I005: hostCPUID level 0000000d, 6: 0x00000000 0x00000000 0x00000000 0x00000000
2023-08-16T13:25:18.205+02:00| vmx| I005: hostCPUID level 0000000d, 7: 0x00000000 0x00000000 0x00000000 0x00000000
2023-08-16T13:25:18.205+02:00| vmx| I005: hostCPUID level 0000000d, 8: 0x00000080 0x00000000 0x00000001 0x00000000
2023-08-16T13:25:18.205+02:00| vmx| I005: hostCPUID level 0000000d, 9: 0x00000008 0x00000a80 0x00000000 0x00000000
2023-08-16T13:25:18.205+02:00| vmx| I005: hostCPUID level 0000000e, 0: 0x00000000 0x00000000 0x00000000 0x00000000
2023-08-16T13:25:18.205+02:00| vmx| I005: hostCPUID level 0000000f, 0: 0x00000000 0x00000000 0x00000000 0x00000000
2023-08-16T13:25:18.205+02:00| vmx| I005: hostCPUID level 0000000f, 1: 0x00000000 0x00000000 0x00000000 0x00000000
2023-08-16T13:25:18.205+02:00| vmx| I005: hostCPUID level 00000010, 0: 0x00000000 0x00000000 0x00000000 0x00000000
2023-08-16T13:25:18.205+02:00| vmx| I005: hostCPUID level 00000010, 1: 0x00000000 0x00000000 0x00000000 0x00000000
2023-08-16T13:25:18.205+02:00| vmx| I005: hostCPUID level 00000010, 2: 0x00000000 0x00000000 0x00000000 0x00000000
2023-08-16T13:25:18.205+02:00| vmx| I005: hostCPUID level 00000010, 3: 0x00000000 0x00000000 0x00000000 0x00000000
2023-08-16T13:25:18.205+02:00| vmx| I005: hostCPUID level 00000011, 0: 0x00000000 0x00000000 0x00000000 0x00000000
2023-08-16T13:25:18.205+02:00| vmx| I005: hostCPUID level 00000012, 0: 0x00000000 0x00000000 0x00000000 0x00000000
2023-08-16T13:25:18.205+02:00| vmx| I005: hostCPUID level 00000012, 1: 0x00000000 0x00000000 0x00000000 0x00000000
2023-08-16T13:25:18.205+02:00| vmx| I005: hostCPUID level 00000012, 2: 0x00000000 0x00000000 0x00000000 0x00000000
2023-08-16T13:25:18.205+02:00| vmx| I005: hostCPUID level 00000012, 3: 0x00000000 0x00000000 0x00000000 0x00000000
2023-08-16T13:25:18.205+02:00| vmx| I005: hostCPUID level 00000013, 0: 0x00000000 0x00000000 0x00000000 0x00000000
2023-08-16T13:25:18.205+02:00| vmx| I005: hostCPUID level 00000014, 0: 0x00000001 0x0000000f 0x00000007 0x00000000
2023-08-16T13:25:18.205+02:00| vmx| I005: hostCPUID level 00000014, 1: 0x02490002 0x003f3fff 0x00000000 0x00000000
2023-08-16T13:25:18.205+02:00| vmx| I005: hostCPUID level 00000015, 0: 0x00000002 0x000000d8 0x00000000 0x00000000
2023-08-16T13:25:18.205+02:00| vmx| I005: hostCPUID level 00000016, 0: 0x00000a28 0x00001388 0x00000064 0x00000000
2023-08-16T13:25:18.205+02:00| vmx| I005: hostCPUID level 80000000, 0: 0x80000008 0x00000000 0x00000000 0x00000000
2023-08-16T13:25:18.205+02:00| vmx| I005: hostCPUID level 80000001, 0: 0x00000000 0x00000000 0x00000121 0x2c100800
2023-08-16T13:25:18.205+02:00| vmx| I005: hostCPUID level 80000002, 0: 0x65746e49 0x2952286c 0x726f4320 0x4d542865
2023-08-16T13:25:18.205+02:00| vmx| I005: hostCPUID level 80000003, 0: 0x37692029 0x3730312d 0x20483035 0x20555043
2023-08-16T13:25:18.205+02:00| vmx| I005: hostCPUID level 80000004, 0: 0x2e322040 0x48473036 0x0000007a 0x00000000
2023-08-16T13:25:18.205+02:00| vmx| I005: hostCPUID level 80000005, 0: 0x00000000 0x00000000 0x00000000 0x00000000
2023-08-16T13:25:18.205+02:00| vmx| I005: hostCPUID level 80000006, 0: 0x00000000 0x00000000 0x01006040 0x00000000
2023-08-16T13:25:18.205+02:00| vmx| I005: hostCPUID level 80000007, 0: 0x00000000 0x00000000 0x00000000 0x00000100
2023-08-16T13:25:18.205+02:00| vmx| I005: hostCPUID level 80000008, 0: 0x00003027 0x00000000 0x00000000 0x00000000
2023-08-16T13:25:18.205+02:00| vmx| I005: CPUID differences from hostCPUID.
2023-08-16T13:25:18.205+02:00| vmx| I005: Physical APIC IDs: 0-11
2023-08-16T13:25:18.205+02:00| vmx| I005: Physical X2APIC IDs: 0-11
2023-08-16T13:25:18.205+02:00| vmx| I005: Common: MSR       0x3a =            0x20005
2023-08-16T13:25:18.205+02:00| vmx| I005: Common: MSR      0x480 =   0xda040000000004
2023-08-16T13:25:18.205+02:00| vmx| I005: Common: MSR      0x481 =       0xff00000016
2023-08-16T13:25:18.205+02:00| vmx| I005: Common: MSR      0x482 = 0xfff9fffe0401e172
2023-08-16T13:25:18.205+02:00| vmx| I005: Common: MSR      0x483 =  0x1ffffff00036dff
2023-08-16T13:25:18.205+02:00| vmx| I005: Common: MSR      0x484 =    0x3ffff000011ff
2023-08-16T13:25:18.205+02:00| vmx| I005: Common: MSR      0x485 =         0x7004c1e7
2023-08-16T13:25:18.205+02:00| vmx| I005: Common: MSR      0x486 =         0x80000021
2023-08-16T13:25:18.205+02:00| vmx| I005: Common: MSR      0x487 =         0xffffffff
2023-08-16T13:25:18.205+02:00| vmx| I005: Common: MSR      0x488 =             0x2000
2023-08-16T13:25:18.205+02:00| vmx| I005: Common: MSR      0x489 =           0x7727ff
2023-08-16T13:25:18.205+02:00| vmx| I005: Common: MSR      0x48a =               0x2e
2023-08-16T13:25:18.205+02:00| vmx| I005: Common: MSR      0x48b =   0x5fbfff00000000
2023-08-16T13:25:18.205+02:00| vmx| I005: Common: MSR      0x48c =      0xf0106734141
2023-08-16T13:25:18.205+02:00| vmx| I005: Common: MSR      0x48d =       0xff00000016
2023-08-16T13:25:18.205+02:00| vmx| I005: Common: MSR      0x48e = 0xfff9fffe04006172
2023-08-16T13:25:18.205+02:00| vmx| I005: Common: MSR      0x48f =  0x1ffffff00036dfb
2023-08-16T13:25:18.205+02:00| vmx| I005: Common: MSR      0x490 =    0x3ffff000011fb
2023-08-16T13:25:18.206+02:00| vmx| I005: Common: MSR      0x491 =                0x1
2023-08-16T13:25:18.206+02:00| vmx| I005: Common: MSR 0xc0010114 =                  0
2023-08-16T13:25:18.206+02:00| vmx| I005: Common: MSR       0xce =    0x8083bf1011a00
2023-08-16T13:25:18.206+02:00| vmx| I005: Common: MSR      0x10a =               0x2b
2023-08-16T13:25:18.206+02:00| vmx| I005: Common: MSR      0x122 =                  0
2023-08-16T13:25:18.206+02:00| vmx| I005: VMMon_GetkHzEstimate: Calculated 2591999 kHz
2023-08-16T13:25:18.206+02:00| vmx| I005: HOSTINFO: Host supports constant rate TSC.
2023-08-16T13:25:18.206+02:00| vmx| I005: TSC kHz estimates: vmmon 2591999, remembered 0, osReported 2592000. Using 2591999 kHz.
2023-08-16T13:25:18.206+02:00| vmx| I005: TSC first measured delta 259
2023-08-16T13:25:18.206+02:00| vmx| I005: TSC min delta 138
2023-08-16T13:25:18.206+02:00| vmx| I005: PTSC: RefClockToPTSC 0 @ 10000000Hz -> 0 @ 2591999000Hz
2023-08-16T13:25:18.206+02:00| vmx| I005: PTSC: RefClockToPTSC ((x * 2174326355) >> 23) + -778114616765
2023-08-16T13:25:18.206+02:00| vmx| I005: PTSC: tscOffset -809953156008
2023-08-16T13:25:18.206+02:00| vmx| I005: PTSC: using TSC
2023-08-16T13:25:18.206+02:00| vmx| I005: PTSC: hardware TSCs are synchronized.
2023-08-16T13:25:18.206+02:00| vmx| I005: PTSC: hardware TSCs may have been adjusted by the host.
2023-08-16T13:25:18.206+02:00| vmx| I005: PTSC: current PTSC=85476361476
2023-08-16T13:25:18.211+02:00| vmx| I005: WQPoolAllocPoll : pollIx = 3, signalHandle = 1044
2023-08-16T13:25:18.245+02:00| vmx| I005: ConfigCheck: No rules file found. Checks are disabled.
2023-08-16T13:25:18.245+02:00| vmx| I005: changing directory to C:\vm3\.
2023-08-16T13:25:18.245+02:00| vmx| I005: Config file: C:\vm3\Windows 10 x64.vmx
2023-08-16T13:25:18.245+02:00| vmx| I005: Vix: [mainDispatch.c:4204]: VMAutomation_ReportPowerOpFinished: statevar=1, newAppState=1873, success=1 additionalError=0
2023-08-16T13:25:18.245+02:00| vmx| I005: Vix: [mainDispatch.c:4204]: VMAutomation_ReportPowerOpFinished: statevar=2, newAppState=1878, success=1 additionalError=0
2023-08-16T13:25:18.295+02:00| vmx| W003: PowerOn
2023-08-16T13:25:18.295+02:00| vmx| I005: VMX_PowerOn: VMX build 16894299, UI build 16894299
2023-08-16T13:25:18.295+02:00| vmx| I005: HostWin32: WIN32 NUMA node 0, CPU mask 0x0000000000000fff
2023-08-16T13:25:18.303+02:00| vmx| I005: Vix: [mainDispatch.c:4204]: VMAutomation_ReportPowerOpFinished: statevar=0, newAppState=1871, success=1 additionalError=0
2023-08-16T13:25:18.305+02:00| vmx| I005: HOST Windows version 10.0, build 19045, platform 2, ""
2023-08-16T13:25:18.305+02:00| vmx| I005: DICT --- GLOBAL SETTINGS C:\ProgramData\VMware\VMware Workstation\settings.ini
2023-08-16T13:25:18.305+02:00| vmx| I005: DICT          printers.enabled = "FALSE"
2023-08-16T13:25:18.305+02:00| vmx| I005: DICT --- NON PERSISTENT (null)
2023-08-16T13:25:18.305+02:00| vmx| I005: DICT --- USER PREFERENCES C:\Users\Lowrence\AppData\Roaming\VMware\preferences.ini
2023-08-16T13:25:18.305+02:00| vmx| I005: DICT pref.keyboardAndMouse.vmHotKey.enabled = "FALSE"
2023-08-16T13:25:18.305+02:00| vmx| I005: DICT pref.keyboardAndMouse.vmHotKey.count = "0"
2023-08-16T13:25:18.305+02:00| vmx| I005: DICT         vmWizard.guestKey = "windows9-64"
2023-08-16T13:25:18.305+02:00| vmx| I005: DICT vmWizard.installMediaType = "later"
2023-08-16T13:25:18.305+02:00| vmx| I005: DICT pref.updatesVersionIgnore.numItems = "4"
2023-08-16T13:25:18.305+02:00| vmx| I005: DICT pref.updatesVersionIgnore0.key = <not printed>
2023-08-16T13:25:18.305+02:00| vmx| I005: DICT pref.updatesVersionIgnore0.value = "08a2b907-cd71-4e02-8d2c-677bff39cc98"
2023-08-16T13:25:18.305+02:00| vmx| I005: DICT   pref.lastUpdateCheckSec = "1692142876"
2023-08-16T13:25:18.305+02:00| vmx| I005: DICT             vmWizard.mode = "custom"
2023-08-16T13:25:18.305+02:00| vmx| I005: DICT pref.ws.session.window.count = "1"
2023-08-16T13:25:18.305+02:00| vmx| I005: DICT pref.ws.session.window0.tab.count = "2"
2023-08-16T13:25:18.305+02:00| vmx| I005: DICT pref.ws.session.window0.tab0.cnxType = "vmdb"
2023-08-16T13:25:18.305+02:00| vmx| I005: DICT pref.ws.session.window0.tab1.cnxType = "vmdb"
2023-08-16T13:25:18.305+02:00| vmx| I005: DICT pref.ws.session.window0.sidebar = "TRUE"
2023-08-16T13:25:18.305+02:00| vmx| I005: DICT pref.ws.session.window0.sidebar.width = "350"
2023-08-16T13:25:18.305+02:00| vmx| I005: DICT pref.ws.session.window0.statusBar = "TRUE"
2023-08-16T13:25:18.305+02:00| vmx| I005: DICT pref.ws.session.window0.tabs = "TRUE"
2023-08-16T13:25:18.305+02:00| vmx| I005: DICT pref.ws.session.window0.thumbnailBar = "FALSE"
2023-08-16T13:25:18.305+02:00| vmx| I005: DICT pref.ws.session.window0.thumbnailBar.size = "326"
2023-08-16T13:25:18.305+02:00| vmx| I005: DICT pref.ws.session.window0.thumbnailBar.view = "same-folder"
2023-08-16T13:25:18.305+02:00| vmx| I005: DICT pref.ws.session.window0.placement.left = "493"
2023-08-16T13:25:18.305+02:00| vmx| I005: DICT pref.ws.session.window0.placement.top = "210"
2023-08-16T13:25:18.305+02:00| vmx| I005: DICT pref.ws.session.window0.placement.right = "2213"
2023-08-16T13:25:18.305+02:00| vmx| I005: DICT pref.ws.session.window0.placement.bottom = "1121"
2023-08-16T13:25:18.305+02:00| vmx| I005: DICT pref.ws.session.window0.maximized = "TRUE"
2023-08-16T13:25:18.305+02:00| vmx| I005: DICT pref.ws.session.window0.tab2.cnxType = "vmdb"
2023-08-16T13:25:18.305+02:00| vmx| I005: DICT pref.ws.session.window0.tab3.cnxType = "vmdb"
2023-08-16T13:25:18.305+02:00| vmx| I005: DICT             hints.hideAll = "FALSE"
2023-08-16T13:25:18.305+02:00| vmx| I005: DICT  pref.fullscreen.autohide = "FALSE"
2023-08-16T13:25:18.305+02:00| vmx| I005: DICT pref.defaultVirtualHW.productCompatibility = "esx"
2023-08-16T13:25:18.305+02:00| vmx| I005: DICT pref.ws.session.window0.tab4.cnxType = "vmdb"
2023-08-16T13:25:18.305+02:00| vmx| I005: DICT pref.ws.session.window0.tab5.cnxType = "vmdb"
2023-08-16T13:25:18.305+02:00| vmx| I005: DICT pref.updatesVersionIgnore1.key = <not printed>
2023-08-16T13:25:18.305+02:00| vmx| I005: DICT pref.updatesVersionIgnore1.value = "b0a98471-92eb-43c7-a952-8d52a3babedd"
2023-08-16T13:25:18.305+02:00| vmx| I005: DICT pref.updatesVersionIgnore2.key = <not printed>
2023-08-16T13:25:18.305+02:00| vmx| I005: DICT pref.updatesVersionIgnore2.value = "cfa8a875-ecf6-4951-92c7-9701ce0d1c1d"
2023-08-16T13:25:18.305+02:00| vmx| I005: DICT pref.snapshotManager.left = "0"
2023-08-16T13:25:18.305+02:00| vmx| I005: DICT  pref.snapshotManager.top = "29"
2023-08-16T13:25:18.305+02:00| vmx| I005: DICT pref.snapshotManager.right = "797"
2023-08-16T13:25:18.305+02:00| vmx| I005: DICT pref.snapshotManager.bottom = "671"
2023-08-16T13:25:18.305+02:00| vmx| I005: DICT hint.cui.toolsInfoBar.suppressible = "FALSE"
2023-08-16T13:25:18.305+02:00| vmx| I005: DICT  hint.vmui.showNewUSBDevs = "FALSE"
2023-08-16T13:25:18.305+02:00| vmx| I005: DICT pref.ws.session.window0.tab0.dest = ""
2023-08-16T13:25:18.305+02:00| vmx| I005: DICT pref.ws.session.window0.tab0.file = ""
2023-08-16T13:25:18.305+02:00| vmx| I005: DICT pref.ws.session.window0.tab0.type = "home"
2023-08-16T13:25:18.305+02:00| vmx| I005: DICT pref.ws.session.window0.tab0.focused = "FALSE"
2023-08-16T13:25:18.305+02:00| vmx| I005: DICT pref.updatesVersionIgnore3.key = <not printed>
2023-08-16T13:25:18.305+02:00| vmx| I005: DICT pref.updatesVersionIgnore3.value = "0d0429a8-d054-4f86-adfc-2740b2354c54"
2023-08-16T13:25:18.305+02:00| vmx| I005: DICT pref.ws.session.window0.tab1.dest = ""
2023-08-16T13:25:18.305+02:00| vmx| I005: DICT pref.ws.session.window0.tab1.file = "C:\vm3\Windows 10 x64.vmx"
2023-08-16T13:25:18.305+02:00| vmx| I005: DICT pref.ws.session.window0.tab1.type = "vm"
2023-08-16T13:25:18.305+02:00| vmx| I005: DICT pref.ws.session.window0.tab1.focused = "TRUE"
2023-08-16T13:25:18.305+02:00| vmx| I005: DICT --- USER DEFAULTS C:\Users\Lowrence\AppData\Roaming\VMware\config.ini
2023-08-16T13:25:18.305+02:00| vmx| I005: DICT --- HOST DEFAULTS C:\ProgramData\VMware\VMware Workstation\config.ini
2023-08-16T13:25:18.305+02:00| vmx| I005: DICT         authd.client.port = "902"
2023-08-16T13:25:18.305+02:00| vmx| I005: DICT           authd.proxy.nfc = "vmware-hostd:ha-nfc"
2023-08-16T13:25:18.305+02:00| vmx| I005: DICT installerDefaults.autoSoftwareUpdateEnabled = "yes"
2023-08-16T13:25:18.305+02:00| vmx| I005: DICT installerDefaults.autoSoftwareUpdateEnabled.epoch = "2470"
2023-08-16T13:25:18.305+02:00| vmx| I005: DICT installerDefaults.componentDownloadEnabled = "yes"
2023-08-16T13:25:18.305+02:00| vmx| I005: DICT installerDefaults.dataCollectionEnabled = "no"
2023-08-16T13:25:18.305+02:00| vmx| I005: DICT installerDefaults.dataCollectionEnabled.epoch = "2470"
2023-08-16T13:25:18.305+02:00| vmx| I005: DICT --- SITE DEFAULTS C:\ProgramData\VMware\VMware Workstation\config.ini
2023-08-16T13:25:18.306+02:00| vmx| I005: DICT         authd.client.port = "902"
2023-08-16T13:25:18.306+02:00| vmx| I005: DICT           authd.proxy.nfc = "vmware-hostd:ha-nfc"
2023-08-16T13:25:18.306+02:00| vmx| I005: DICT installerDefaults.autoSoftwareUpdateEnabled = "yes"
2023-08-16T13:25:18.306+02:00| vmx| I005: DICT installerDefaults.autoSoftwareUpdateEnabled.epoch = "2470"
2023-08-16T13:25:18.306+02:00| vmx| I005: DICT installerDefaults.componentDownloadEnabled = "yes"
2023-08-16T13:25:18.306+02:00| vmx| I005: DICT installerDefaults.dataCollectionEnabled = "no"
2023-08-16T13:25:18.306+02:00| vmx| I005: DICT installerDefaults.dataCollectionEnabled.epoch = "2470"
2023-08-16T13:25:18.306+02:00| vmx| I005: DICT --- NONPERSISTENT
2023-08-16T13:25:18.306+02:00| vmx| I005: DICT            vmx.stdio.keep = "TRUE"
2023-08-16T13:25:18.306+02:00| vmx| I005: DICT             gui.available = "TRUE"
2023-08-16T13:25:18.306+02:00| vmx| I005: DICT --- COMMAND LINE
2023-08-16T13:25:18.306+02:00| vmx| I005: DICT            vmx.stdio.keep = "TRUE"
2023-08-16T13:25:18.306+02:00| vmx| I005: DICT             gui.available = "TRUE"
2023-08-16T13:25:18.306+02:00| vmx| I005: DICT --- RECORDING
2023-08-16T13:25:18.306+02:00| vmx| I005: DICT            vmx.stdio.keep = "TRUE"
2023-08-16T13:25:18.306+02:00| vmx| I005: DICT             gui.available = "TRUE"
2023-08-16T13:25:18.306+02:00| vmx| I005: DICT --- CONFIGURATION C:\vm3\Windows 10 x64.vmx 
2023-08-16T13:25:18.306+02:00| vmx| I005: DICT         cpuid.brandstring = "AMD Phenom(tm) II X4 980 Processor "
2023-08-16T13:25:18.306+02:00| vmx| I005: DICT               cpuid.1.eax = "10011101110101101111000101111000"
2023-08-16T13:25:18.306+02:00| vmx| I005: DICT         scsi0:0.productID = "ADATA Ultimate SU650 "
2023-08-16T13:25:18.306+02:00| vmx| I005: DICT          scsi0:0.vendorID = "ADATA"
2023-08-16T13:25:18.306+02:00| vmx| I005: DICT                 uuid.bios = "56 4d 5e 92 84 a3 56 9b-e9 90 32 4f 3d 25 22 15"
2023-08-16T13:25:18.306+02:00| vmx| I005: DICT         ethernet0.address = "74:ea:3a:e6:89:a6"
2023-08-16T13:25:18.306+02:00| vmx| I005: DICT        smbios.reflectHost = "False"
2023-08-16T13:25:18.306+02:00| vmx| I005: DICT       SMBIOS.noOEMStrings = "False"
2023-08-16T13:25:18.306+02:00| vmx| I005: DICT      SMBIOS.addHostVendor = "False"
2023-08-16T13:25:18.306+02:00| vmx| I005: DICT  serialNumber.reflectHost = "False"
2023-08-16T13:25:18.306+02:00| vmx| I005: DICT      board-id.reflectHost = "FALSE"
2023-08-16T13:25:18.306+02:00| vmx| I005: DICT      hw.model.reflectHost = "False"
2023-08-16T13:25:18.306+02:00| vmx| I005: DICT isolation.tools.hgfs.disable = "TRUE"
2023-08-16T13:25:18.306+02:00| vmx| I005: DICT isolation.device.connectable.disable = "TRUE"
2023-08-16T13:25:18.306+02:00| vmx| I005: DICT isolation.device.edit.disable = "TRUE"
2023-08-16T13:25:18.306+02:00| vmx| I005: DICT isolation.tools.setGUIOptions.enable = "FALSE"
2023-08-16T13:25:18.306+02:00| vmx| I005: DICT isolation.tools.hgfsServerSet.disable = "TRUE"
2023-08-16T13:25:18.306+02:00| vmx| I005: DICT isolation.monitor.control.disable = "TRUE"
2023-08-16T13:25:18.306+02:00| vmx| I005: DICT isolation.tools.ghi.autologon.disable = "TRUE"
2023-08-16T13:25:18.306+02:00| vmx| I005: DICT isolation.bios.bbs.disable = "TRUE"
2023-08-16T13:25:18.306+02:00| vmx| I005: DICT isolation.tools.getCreds.disable = "TRUE"
2023-08-16T13:25:18.306+02:00| vmx| I005: DICT isolation.tools.ghi.launchmenu.change = "TRUE"
2023-08-16T13:25:18.306+02:00| vmx| I005: DICT isolation.tools.memSchedFakeSampleStats.disable = "TRUE"
2023-08-16T13:25:18.306+02:00| vmx| I005: DICT isolation.tools.ghi.protocolhandler.info.disable = "TRUE"
2023-08-16T13:25:18.306+02:00| vmx| I005: DICT isolation.ghi.host.shellAction.disable = "TRUE"
2023-08-16T13:25:18.306+02:00| vmx| I005: DICT isolation.tools.dispTopoRequest.disable = "TRUE"
2023-08-16T13:25:18.306+02:00| vmx| I005: DICT isolation.tools.trashFolderState.disable = "TRUE"
2023-08-16T13:25:18.306+02:00| vmx| I005: DICT isolation.tools.ghi.trayicon.disable = "TRUE"
2023-08-16T13:25:18.306+02:00| vmx| I005: DICT isolation.tools.unityInterlockOperation.disable = "TRUE"
2023-08-16T13:25:18.306+02:00| vmx| I005: DICT isolation.tools.unity.taskbar.disable = "TRUE"
2023-08-16T13:25:18.306+02:00| vmx| I005: DICT isolation.tools.unityActive.disable = "TRUE"
2023-08-16T13:25:18.306+02:00| vmx| I005: DICT isolation.tools.unity.windowContents.disable = "TRUE"
2023-08-16T13:25:18.306+02:00| vmx| I005: DICT isolation.tools.unity.push.update.disable = "TRUE"
2023-08-16T13:25:18.306+02:00| vmx| I005: DICT isolation.tools.vmxDnDVersionGet.disable = "TRUE"
2023-08-16T13:25:18.306+02:00| vmx| I005: DICT isolation.tools.guestDnDVersionSet.disable = "TRUE"
2023-08-16T13:25:18.306+02:00| vmx| I005: DICT isolation.tools.diskShrink.disable = "TRUE"
2023-08-16T13:25:18.306+02:00| vmx| I005: DICT isolation.tools.diskWiper.disable = "TRUE"
2023-08-16T13:25:18.306+02:00| vmx| I005: DICT isolation.tools.autoInstall.disable = "TRUE"
2023-08-16T13:25:18.306+02:00| vmx| I005: DICT isolation.tools.vixMessage.disable = "TRUE"
2023-08-16T13:25:18.306+02:00| vmx| I005: DICT isolation.tools.runProgramDone.disable = "TRUE"
2023-08-16T13:25:18.306+02:00| vmx| I005: DICT isolation.tools.osStateChange.disable = "TRUE"
2023-08-16T13:25:18.306+02:00| vmx| I005: DICT isolation.tools.osStateChangeStatus.disable = "TRUE"
2023-08-16T13:25:18.306+02:00| vmx| I005: DICT isolation.tools.setOption.disable = "TRUE"
2023-08-16T13:25:18.306+02:00| vmx| I005: DICT isolation.tools.unifiedLoop.disable = "TRUE"
2023-08-16T13:25:18.306+02:00| vmx| I005: DICT isolation.tools.haltRebootStatus.disable = "TRUE"
2023-08-16T13:25:18.306+02:00| vmx| I005: DICT isolation.tools.getMachineId.disable = "TRUE"
2023-08-16T13:25:18.306+02:00| vmx| I005: DICT isolation.tools.PatchACPITables.disable = "TRUE"
2023-08-16T13:25:18.306+02:00| vmx| I005: DICT isolation.tools.timerSponge.disable = "TRUE"
2023-08-16T13:25:18.306+02:00| vmx| I005: DICT isolation.tools.absMouseCommand.disable = "TRUE"
2023-08-16T13:25:18.306+02:00| vmx| I005: DICT isolation.tools.absMouseStatus.disable = "TRUE"
2023-08-16T13:25:18.306+02:00| vmx| I005: DICT isolation.tools.absMouseData.disable = "TRUE"
2023-08-16T13:25:18.306+02:00| vmx| I005: DICT isolation.tools.PatchSMBIOS.disable = "TRUE"
2023-08-16T13:25:18.306+02:00| vmx| I005: DICT isolation.tools.rsvd2.disable = "TRUE"
2023-08-16T13:25:18.306+02:00| vmx| I005: DICT isolation.tools.rsvd1.disable = "TRUE"
2023-08-16T13:25:18.306+02:00| vmx| I005: DICT monitor_control.disable_directexec = "true"
2023-08-16T13:25:18.306+02:00| vmx| I005: DICT monitor_control.disable_chksimd = "true"
2023-08-16T13:25:18.306+02:00| vmx| I005: DICT monitor_control.disable_ntreloc = "true"
2023-08-16T13:25:18.306+02:00| vmx| I005: DICT monitor_control.disable_selfmod = "true"
2023-08-16T13:25:18.306+02:00| vmx| I005: DICT monitor_control.disable_reloc = "true"
2023-08-16T13:25:18.306+02:00| vmx| I005: DICT monitor_control.disable_btinout = "true"
2023-08-16T13:25:18.306+02:00| vmx| I005: DICT monitor_control.disable_btmemspace = "true"
2023-08-16T13:25:18.306+02:00| vmx| I005: DICT monitor_control.disable_btpriv = "true"
2023-08-16T13:25:18.306+02:00| vmx| I005: DICT monitor_control.disable_btseg = "true"
2023-08-16T13:25:18.306+02:00| vmx| I005: DICT   sched.mem.pshare.enable = "FALSE"
2023-08-16T13:25:18.306+02:00| vmx| I005: DICT               vvtd.enable = "TRUE"
2023-08-16T13:25:18.306+02:00| vmx| I005: DICT                vhv.enable = "TRUE"
2023-08-16T13:25:18.306+02:00| vmx| I005: DICT               MemTrimRate = "0"
2023-08-16T13:25:18.306+02:00| vmx| I005: DICT     diskCleanup.automatic = "TRUE"
2023-08-16T13:25:18.306+02:00| vmx| I005: DICT            config.version = "8"
2023-08-16T13:25:18.306+02:00| vmx| I005: DICT         virtualHW.version = "18"
2023-08-16T13:25:18.306+02:00| vmx| I005: DICT           smbios.assetTag = "CCF36A98BDBF"
2023-08-16T13:25:18.306+02:00| vmx| I005: DICT cpuid.disable_apicExtRegs = "TRUE"
2023-08-16T13:25:18.306+02:00| vmx| I005: DICT monitor_control.enable_fullcpuid = "TRUE"
2023-08-16T13:25:18.306+02:00| vmx| I005: DICT monitor_control.restrict_backdoor = "true"
2023-08-16T13:25:18.306+02:00| vmx| I005: DICT       hypervisor.cpuid.v0 = "FALSE"
2023-08-16T13:25:18.306+02:00| vmx| I005: DICT          bios440.filename = "6006.ROM"
2023-08-16T13:25:18.306+02:00| vmx| I005: DICT            vbios.filename = "vb.rom"
2023-08-16T13:25:18.306+02:00| vmx| I005: DICT            bios.bootdelay = "3000"
2023-08-16T13:25:18.306+02:00| vmx| I005: DICT              mks.enable3d = "TRUE"
2023-08-16T13:25:18.306+02:00| vmx| I005: DICT        pciBridge0.present = "TRUE"
2023-08-16T13:25:18.306+02:00| vmx| I005: DICT        pciBridge4.present = "TRUE"
2023-08-16T13:25:18.306+02:00| vmx| I005: DICT     pciBridge4.virtualDev = "pcieRootPort"
2023-08-16T13:25:18.306+02:00| vmx| I005: DICT      pciBridge4.functions = "8"
2023-08-16T13:25:18.306+02:00| vmx| I005: DICT        pciBridge5.present = "TRUE"
2023-08-16T13:25:18.306+02:00| vmx| I005: DICT     pciBridge5.virtualDev = "pcieRootPort"
2023-08-16T13:25:18.306+02:00| vmx| I005: DICT      pciBridge5.functions = "8"
2023-08-16T13:25:18.306+02:00| vmx| I005: DICT        pciBridge6.present = "TRUE"
2023-08-16T13:25:18.306+02:00| vmx| I005: DICT     pciBridge6.virtualDev = "pcieRootPort"
2023-08-16T13:25:18.306+02:00| vmx| I005: DICT      pciBridge6.functions = "8"
2023-08-16T13:25:18.306+02:00| vmx| I005: DICT        pciBridge7.present = "TRUE"
2023-08-16T13:25:18.306+02:00| vmx| I005: DICT     pciBridge7.virtualDev = "pcieRootPort"
2023-08-16T13:25:18.306+02:00| vmx| I005: DICT      pciBridge7.functions = "8"
2023-08-16T13:25:18.306+02:00| vmx| I005: DICT             vmci0.present = "TRUE"
2023-08-16T13:25:18.306+02:00| vmx| I005: DICT             hpet0.present = "TRUE"
2023-08-16T13:25:18.306+02:00| vmx| I005: DICT                     nvram = "Windows 10 x64.nvram"
2023-08-16T13:25:18.306+02:00| vmx| I005: DICT virtualHW.productCompatibility = "hosted"
2023-08-16T13:25:18.306+02:00| vmx| I005: DICT        powerType.powerOff = "soft"
2023-08-16T13:25:18.306+02:00| vmx| I005: DICT         powerType.powerOn = "soft"
2023-08-16T13:25:18.306+02:00| vmx| I005: DICT         powerType.suspend = "soft"
2023-08-16T13:25:18.306+02:00| vmx| I005: DICT           powerType.reset = "soft"
2023-08-16T13:25:18.306+02:00| vmx| I005: DICT               displayName = "Windows 10 x64"
2023-08-16T13:25:18.306+02:00| vmx| I005: DICT usb.vbluetooth.startConnected = "TRUE"
2023-08-16T13:25:18.306+02:00| vmx| I005: DICT           sensor.location = "pass-through"
2023-08-16T13:25:18.306+02:00| vmx| I005: DICT                   guestOS = "windows9-64"
2023-08-16T13:25:18.306+02:00| vmx| I005: DICT            tools.syncTime = "FALSE"
2023-08-16T13:25:18.306+02:00| vmx| I005: DICT          sound.autoDetect = "TRUE"
2023-08-16T13:25:18.306+02:00| vmx| I005: DICT          sound.virtualDev = "hdaudio"
2023-08-16T13:25:18.306+02:00| vmx| I005: DICT            sound.fileName = "-1"
2023-08-16T13:25:18.306+02:00| vmx| I005: DICT             sound.present = "TRUE"
2023-08-16T13:25:18.306+02:00| vmx| I005: DICT                  numvcpus = "2"
2023-08-16T13:25:18.306+02:00| vmx| I005: DICT      cpuid.coresPerSocket = "2"
2023-08-16T13:25:18.306+02:00| vmx| I005: DICT                   memsize = "4096"
2023-08-16T13:25:18.306+02:00| vmx| I005: DICT                mem.hotadd = "TRUE"
2023-08-16T13:25:18.306+02:00| vmx| I005: DICT           disk.EnableUUID = "TRUE"
2023-08-16T13:25:18.306+02:00| vmx| I005: DICT          scsi0.virtualDev = "lsisas1068"
2023-08-16T13:25:18.306+02:00| vmx| I005: DICT             scsi0.present = "TRUE"
2023-08-16T13:25:18.306+02:00| vmx| I005: DICT             sata0.present = "TRUE"
2023-08-16T13:25:18.306+02:00| vmx| I005: DICT          scsi0:0.fileName = "Windows 10 x64.vmdk"
2023-08-16T13:25:18.306+02:00| vmx| I005: DICT           scsi0:0.present = "TRUE"
2023-08-16T13:25:18.306+02:00| vmx| I005: DICT               usb.present = "TRUE"
2023-08-16T13:25:18.306+02:00| vmx| I005: DICT              ehci.present = "TRUE"
2023-08-16T13:25:18.306+02:00| vmx| I005: DICT          usb_xhci.present = "TRUE"
2023-08-16T13:25:18.306+02:00| vmx| I005: DICT     svga.graphicsMemoryKB = "8388608"
2023-08-16T13:25:18.306+02:00| vmx| I005: DICT  ethernet0.connectionType = "nat"
2023-08-16T13:25:18.306+02:00| vmx| I005: DICT     ethernet0.addressType = "static"
2023-08-16T13:25:18.306+02:00| vmx| I005: DICT      ethernet0.virtualDev = "e1000e"
2023-08-16T13:25:18.306+02:00| vmx| I005: DICT          serial0.fileType = "thinprint"
2023-08-16T13:25:18.306+02:00| vmx| I005: DICT          serial0.fileName = "thinprint"
2023-08-16T13:25:18.306+02:00| vmx| I005: DICT         ethernet0.present = "TRUE"
2023-08-16T13:25:18.306+02:00| vmx| I005: DICT           serial0.present = "TRUE"
2023-08-16T13:25:18.306+02:00| vmx| I005: DICT        extendedConfigFile = "Windows 10 x64.vmxf"
2023-08-16T13:25:18.306+02:00| vmx| I005: DICT           floppy0.present = "FALSE"
2023-08-16T13:25:18.306+02:00| vmx| I005: DICT      numa.autosize.cookie = "20022"
2023-08-16T13:25:18.306+02:00| vmx| I005: DICT numa.autosize.vcpu.maxPerVirtualNode = "2"
2023-08-16T13:25:18.306+02:00| vmx| I005: DICT             uuid.location = "56 4d 5e 92 84 a3 56 9b-e9 90 32 4f 3d 25 22 15"
2023-08-16T13:25:18.306+02:00| vmx| I005: DICT                   vc.uuid = "52 c8 86 91 d0 2b 2e 54-06 e8 7a 0e 0a 6a ff 0b"
2023-08-16T13:25:18.306+02:00| vmx| I005: DICT                  vm.genid = "-2911590262768153062"
2023-08-16T13:25:18.306+02:00| vmx| I005: DICT                 vm.genidX = "-5248619398194275695"
2023-08-16T13:25:18.306+02:00| vmx| I005: DICT              scsi0:0.redo = ""
2023-08-16T13:25:18.306+02:00| vmx| I005: DICT  pciBridge0.pciSlotNumber = "17"
2023-08-16T13:25:18.306+02:00| vmx| I005: DICT  pciBridge4.pciSlotNumber = "21"
2023-08-16T13:25:18.306+02:00| vmx| I005: DICT  pciBridge5.pciSlotNumber = "22"
2023-08-16T13:25:18.307+02:00| vmx| I005: DICT  pciBridge6.pciSlotNumber = "23"
2023-08-16T13:25:18.307+02:00| vmx| I005: DICT  pciBridge7.pciSlotNumber = "24"
2023-08-16T13:25:18.307+02:00| vmx| I005: DICT       scsi0.pciSlotNumber = "160"
2023-08-16T13:25:18.307+02:00| vmx| I005: DICT         usb.pciSlotNumber = "32"
2023-08-16T13:25:18.307+02:00| vmx| I005: DICT   ethernet0.pciSlotNumber = "192"
2023-08-16T13:25:18.307+02:00| vmx| I005: DICT       sound.pciSlotNumber = "33"
2023-08-16T13:25:18.307+02:00| vmx| I005: DICT        ehci.pciSlotNumber = "34"
2023-08-16T13:25:18.307+02:00| vmx| I005: DICT    usb_xhci.pciSlotNumber = "224"
2023-08-16T13:25:18.307+02:00| vmx| I005: DICT       vmci0.pciSlotNumber = "35"
2023-08-16T13:25:18.307+02:00| vmx| I005: DICT       sata0.pciSlotNumber = "36"
2023-08-16T13:25:18.307+02:00| vmx| I005: DICT             scsi0.sasWWID = "50 05 05 62 84 a3 56 90"
2023-08-16T13:25:18.307+02:00| vmx| I005: DICT             svga.vramSize = "268435456"
2023-08-16T13:25:18.307+02:00| vmx| I005: DICT  vmotion.checkpointFBSize = "4194304"
2023-08-16T13:25:18.307+02:00| vmx| I005: DICT vmotion.checkpointSVGAPrimarySize = "268435456"
2023-08-16T13:25:18.307+02:00| vmx| I005: DICT   vmotion.svga.mobMaxSize = "1073741824"
2023-08-16T13:25:18.307+02:00| vmx| I005: DICT vmotion.svga.graphicsMemoryKB = "8388608"
2023-08-16T13:25:18.307+02:00| vmx| I005: DICT   vmotion.svga.supports3D = "1"
2023-08-16T13:25:18.307+02:00| vmx| I005: DICT vmotion.svga.baseCapsLevel = "9"
2023-08-16T13:25:18.307+02:00| vmx| I005: DICT vmotion.svga.maxPointSize = "1"
2023-08-16T13:25:18.307+02:00| vmx| I005: DICT vmotion.svga.maxTextureSize = "16384"
2023-08-16T13:25:18.307+02:00| vmx| I005: DICT vmotion.svga.maxVolumeExtent = "2048"
2023-08-16T13:25:18.307+02:00| vmx| I005: DICT vmotion.svga.maxTextureAnisotropy = "16"
2023-08-16T13:25:18.307+02:00| vmx| I005: DICT  vmotion.svga.lineStipple = "0"
2023-08-16T13:25:18.307+02:00| vmx| I005: DICT vmotion.svga.dxMaxConstantBuffers = "14"
2023-08-16T13:25:18.307+02:00| vmx| I005: DICT vmotion.svga.dxProvokingVertex = "0"
2023-08-16T13:25:18.307+02:00| vmx| I005: DICT         vmotion.svga.sm41 = "1"
2023-08-16T13:25:18.307+02:00| vmx| I005: DICT vmotion.svga.multisample2x = "1"
2023-08-16T13:25:18.307+02:00| vmx| I005: DICT vmotion.svga.multisample4x = "1"
2023-08-16T13:25:18.307+02:00| vmx| I005: DICT vmotion.svga.msFullQuality = "1"
2023-08-16T13:25:18.307+02:00| vmx| I005: DICT     vmotion.svga.logicOps = "1"
2023-08-16T13:25:18.307+02:00| vmx| I005: DICT         vmotion.svga.bc67 = "9"
2023-08-16T13:25:18.307+02:00| vmx| I005: DICT          vmotion.svga.sm5 = "1"
2023-08-16T13:25:18.307+02:00| vmx| I005: DICT vmotion.svga.multisample8x = "1"
2023-08-16T13:25:18.307+02:00| vmx| I005: DICT vmotion.svga.logicBlendOps = "1"
2023-08-16T13:25:18.307+02:00| vmx| I005: DICT                  vmci0.id = "874408710"
2023-08-16T13:25:18.307+02:00| vmx| I005: DICT    monitor.phys_bits_used = "45"
2023-08-16T13:25:18.307+02:00| vmx| I005: DICT             cleanShutdown = "TRUE"
2023-08-16T13:25:18.307+02:00| vmx| I005: DICT              softPowerOff = "FALSE"
2023-08-16T13:25:18.307+02:00| vmx| I005: DICT    sata0:1.startConnected = "TRUE"
2023-08-16T13:25:18.307+02:00| vmx| I005: DICT toolsInstallManager.lastInstallError = "0"
2023-08-16T13:25:18.307+02:00| vmx| I005: DICT svga.guestBackedPrimaryAware = "TRUE"
2023-08-16T13:25:18.307+02:00| vmx| I005: DICT       tools.remindInstall = "FALSE"
2023-08-16T13:25:18.307+02:00| vmx| I005: DICT toolsInstallManager.updateCounter = "1"
2023-08-16T13:25:18.307+02:00| vmx| I005: DICT     guestOS.detailed.data = ""
2023-08-16T13:25:18.307+02:00| vmx| I005: DICT monitor_control.virtual_rdtsc = "false"
2023-08-16T13:25:18.307+02:00| vmx| I005: DICT               usb:1.speed = "2"
2023-08-16T13:25:18.307+02:00| vmx| I005: DICT             usb:1.present = "TRUE"
2023-08-16T13:25:18.307+02:00| vmx| I005: DICT          usb:1.deviceType = "hub"
2023-08-16T13:25:18.307+02:00| vmx| I005: DICT                usb:1.port = "1"
2023-08-16T13:25:18.307+02:00| vmx| I005: DICT              usb:1.parent = "-1"
2023-08-16T13:25:18.307+02:00| vmx| I005: DICT        usb_xhci:4.present = "TRUE"
2023-08-16T13:25:18.307+02:00| vmx| I005: DICT     usb_xhci:4.deviceType = "hid"
2023-08-16T13:25:18.307+02:00| vmx| I005: DICT           usb_xhci:4.port = "4"
2023-08-16T13:25:18.307+02:00| vmx| I005: DICT         usb_xhci:4.parent = "-1"
2023-08-16T13:25:18.307+02:00| vmx| I005: DICT --- USER DEFAULTS C:\Users\Lowrence\AppData\Roaming\VMware\config.ini 
2023-08-16T13:25:18.307+02:00| vmx| I005: DICT --- HOST DEFAULTS C:\ProgramData\VMware\VMware Workstation\config.ini 
2023-08-16T13:25:18.307+02:00| vmx| I005: DICT         authd.client.port = "902"
2023-08-16T13:25:18.307+02:00| vmx| I005: DICT           authd.proxy.nfc = "vmware-hostd:ha-nfc"
2023-08-16T13:25:18.307+02:00| vmx| I005: DICT installerDefaults.autoSoftwareUpdateEnabled = "yes"
2023-08-16T13:25:18.307+02:00| vmx| I005: DICT installerDefaults.autoSoftwareUpdateEnabled.epoch = "2470"
2023-08-16T13:25:18.307+02:00| vmx| I005: DICT installerDefaults.componentDownloadEnabled = "yes"
2023-08-16T13:25:18.307+02:00| vmx| I005: DICT installerDefaults.dataCollectionEnabled = "no"
2023-08-16T13:25:18.307+02:00| vmx| I005: DICT installerDefaults.dataCollectionEnabled.epoch = "2470"
2023-08-16T13:25:18.307+02:00| vmx| I005: DICT --- SITE DEFAULTS C:\ProgramData\VMware\VMware Workstation\config.ini 
2023-08-16T13:25:18.307+02:00| vmx| I005: DICT         authd.client.port = "902"
2023-08-16T13:25:18.307+02:00| vmx| I005: DICT           authd.proxy.nfc = "vmware-hostd:ha-nfc"
2023-08-16T13:25:18.307+02:00| vmx| I005: DICT installerDefaults.autoSoftwareUpdateEnabled = "yes"
2023-08-16T13:25:18.307+02:00| vmx| I005: DICT installerDefaults.autoSoftwareUpdateEnabled.epoch = "2470"
2023-08-16T13:25:18.307+02:00| vmx| I005: DICT installerDefaults.componentDownloadEnabled = "yes"
2023-08-16T13:25:18.307+02:00| vmx| I005: DICT installerDefaults.dataCollectionEnabled = "no"
2023-08-16T13:25:18.307+02:00| vmx| I005: DICT installerDefaults.dataCollectionEnabled.epoch = "2470"
2023-08-16T13:25:18.307+02:00| vmx| I005: DICT --- GLOBAL SETTINGS C:\ProgramData\VMware\VMware Workstation\settings.ini 
2023-08-16T13:25:18.307+02:00| vmx| I005: DICT          printers.enabled = "FALSE"
2023-08-16T13:25:18.307+02:00| vmx| I005: ToolsISO: open of C:\Program Files (x86)\VMware\VMware Workstation\isoimages_manifest.txt.sig failed: Could not find the file
2023-08-16T13:25:18.307+02:00| vmx| I005: ToolsISO: Unable to read signature file 'C:\Program Files (x86)\VMware\VMware Workstation\isoimages_manifest.txt.sig', ignoring.
2023-08-16T13:25:18.308+02:00| vmx| I005: ToolsISO: Updated cached value for imageName to 'windows.iso'.
2023-08-16T13:25:18.308+02:00| vmx| I005: ToolsISO: Selected Tools ISO 'windows.iso' for 'windows9-64' guest.
2023-08-16T13:25:18.308+02:00| vmx| I005: Vix: [mainDispatch.c:4204]: VMAutomation_ReportPowerOpFinished: statevar=1, newAppState=1873, success=1 additionalError=0
2023-08-16T13:25:18.309+02:00| vmx| I005: Monitor Mode: CPL0
2023-08-16T13:25:18.319+02:00| vmx| I005: Msg_Reset:
2023-08-16T13:25:18.319+02:00| vmx| I005: [msg.monitorcontrol.unrecognized.config.name] The configuration file "C:\vm3\Windows 10 x64.vmx" contains an unrecognized monitor control: "monitor_control.disable_directexec"
2023-08-16T13:25:18.319+02:00| vmx| I005: [msg.monitorcontrol.unrecognized.config.name] The configuration file "C:\vm3\Windows 10 x64.vmx" contains an unrecognized monitor control: "monitor_control.disable_chksimd"
2023-08-16T13:25:18.319+02:00| vmx| I005: [msg.monitorcontrol.unrecognized.config.name] The configuration file "C:\vm3\Windows 10 x64.vmx" contains an unrecognized monitor control: "monitor_control.disable_ntreloc"
2023-08-16T13:25:18.319+02:00| vmx| I005: [msg.monitorcontrol.unrecognized.config.name] The configuration file "C:\vm3\Windows 10 x64.vmx" contains an unrecognized monitor control: "monitor_control.disable_selfmod"
2023-08-16T13:25:18.319+02:00| vmx| I005: [msg.monitorcontrol.unrecognized.config.name] The configuration file "C:\vm3\Windows 10 x64.vmx" contains an unrecognized monitor control: "monitor_control.disable_reloc"
2023-08-16T13:25:18.319+02:00| vmx| I005: [msg.monitorcontrol.unrecognized.config.name] The configuration file "C:\vm3\Windows 10 x64.vmx" contains an unrecognized monitor control: "monitor_control.disable_btinout"
2023-08-16T13:25:18.319+02:00| vmx| I005: [msg.monitorcontrol.unrecognized.config.name] The configuration file "C:\vm3\Windows 10 x64.vmx" contains an unrecognized monitor control: "monitor_control.disable_btmemspace"
2023-08-16T13:25:18.319+02:00| vmx| I005: [msg.monitorcontrol.unrecognized.config.name] The configuration file "C:\vm3\Windows 10 x64.vmx" contains an unrecognized monitor control: "monitor_control.disable_btpriv"
2023-08-16T13:25:18.319+02:00| vmx| I005: [msg.monitorcontrol.unrecognized.config.name] The configuration file "C:\vm3\Windows 10 x64.vmx" contains an unrecognized monitor control: "monitor_control.disable_btseg"
2023-08-16T13:25:18.319+02:00| vmx| I005: [msg.monitorcontrol.unrecognized.config.name] The configuration file "C:\vm3\Windows 10 x64.vmx" contains an unrecognized monitor control: "monitor_control.enable_fullcpuid"
2023-08-16T13:25:18.319+02:00| vmx| I005: ----------------------------------------
2023-08-16T13:25:18.327+02:00| vmx| I005: OvhdMem_PowerOn: initial admission: paged  3974555 nonpaged     5782 anonymous    12821
2023-08-16T13:25:18.327+02:00| vmx| I005: VMMEM: Initial Reservation: 15598MB (MainMem=4096MB)
2023-08-16T13:25:18.327+02:00| vmx| I005: MemSched_PowerOn: balloon minGuestSize 209715 (80% of min required size 262144)
2023-08-16T13:25:18.327+02:00| vmx| I005: MemSched: reserved mem (in MB) min 128 max 13682 recommended 13682
2023-08-16T13:25:18.327+02:00| vmx| I005: MemSched: pg 3974555 np 5782 anon 12821 mem 1048576
2023-08-16T13:25:18.343+02:00| vmx| I005: MemSched: numvm 1 locked pages: num 0 max 3476160
2023-08-16T13:25:18.343+02:00| vmx| I005: MemSched: locked Page Limit: host 3814202 config 3502592 dynam 3484352
2023-08-16T13:25:18.343+02:00| vmx| I005: MemSched: minmempct 50 minalloc 0 admitted 1
2023-08-16T13:25:18.343+02:00| vmx| I005: llc: maximum vcpus per LLC: 1
2023-08-16T13:25:18.343+02:00| vmx| I005: llc: vLLC size: 2
2023-08-16T13:25:18.344+02:00| PowerNotifyThread| I005: VTHREAD 17852 "PowerNotifyThread"
2023-08-16T13:25:18.344+02:00| PowerNotifyThread| I005: PowerNotify thread is alive.
2023-08-16T13:25:18.345+02:00| vmx| I005: LICENSE using: 'HKEY_LOCAL_MACHINE\SOFTWARE\VMware, Inc.\VMware Workstation\Dormant\License.ws.16.0.e2.202001' 
2023-08-16T13:25:18.345+02:00| vthread-11564| I005: VTHREAD 11564 "vthread-11564"
2023-08-16T13:25:18.345+02:00| vmx| I005: Win32U_GetFileAttributes: GetFileAttributesExW("C:\vm3\Windows 10 x64.vmpl", ...) failed, error: 2
2023-08-16T13:25:18.346+02:00| vmx| I005: PolicyVMXFindPolicyKey: policy file does not exist.
2023-08-16T13:25:18.346+02:00| vmx| I005: Win32U_GetFileAttributes: GetFileAttributesExW("C:\vm3\Windows 10 x64.vmpl", ...) failed, error: 2
2023-08-16T13:25:18.346+02:00| vmx| I005: PolicyVMXFindPolicyKey: policy file does not exist.
2023-08-16T13:25:18.346+02:00| vmx| I005: Host PA size: 39 bits. Guest PA size: 45 bits.
2023-08-16T13:25:18.347+02:00| vmx| I005: ToolsISO: Refreshing imageName for 'windows9-64' (refreshCount=1, lastCount=1).
2023-08-16T13:25:18.348+02:00| vmx| I005: ToolsISO: open of C:\Program Files (x86)\VMware\VMware Workstation\isoimages_manifest.txt.sig failed: Could not find the file
2023-08-16T13:25:18.348+02:00| vmx| I005: ToolsISO: Unable to read signature file 'C:\Program Files (x86)\VMware\VMware Workstation\isoimages_manifest.txt.sig', ignoring.
2023-08-16T13:25:18.348+02:00| vmx| I005: ToolsISO: Updated cached value for imageName to 'windows.iso'.
2023-08-16T13:25:18.348+02:00| vmx| I005: ToolsISO: Selected Tools ISO 'windows.iso' for 'windows9-64' guest.
2023-08-16T13:25:18.349+02:00| deviceThread| I005: VTHREAD 19976 "deviceThread"
2023-08-16T13:25:18.349+02:00| deviceThread| I005: Device thread is alive
2023-08-16T13:25:18.349+02:00| vmx| I005: Host VT-x Capabilities:
2023-08-16T13:25:18.349+02:00| vmx| I005: Basic VMX Information (0x00da040000000004)
2023-08-16T13:25:18.349+02:00| vmx| I005:   VMCS revision ID                   4
2023-08-16T13:25:18.349+02:00| vmx| I005:   VMCS region length              1024
2023-08-16T13:25:18.349+02:00| vmx| I005:   VMX physical-address width   natural
2023-08-16T13:25:18.349+02:00| vmx| I005:   SMM dual-monitor mode            yes
2023-08-16T13:25:18.349+02:00| vmx| I005:   Advanced INS/OUTS info           yes
2023-08-16T13:25:18.349+02:00| vmx| I005:   True VMX MSRs                    yes
2023-08-16T13:25:18.349+02:00| vmx| I005:   VMCS memory type                  WB
2023-08-16T13:25:18.349+02:00| vmx| I005: True Pin-Based VM-Execution Controls (0x000000ff00000016)
2023-08-16T13:25:18.349+02:00| vmx| I005:   External-interrupt exiting               {0,1}
2023-08-16T13:25:18.349+02:00| vmx| I005:   NMI exiting                              {0,1}
2023-08-16T13:25:18.349+02:00| vmx| I005:   Virtual NMIs                             {0,1}
2023-08-16T13:25:18.349+02:00| vmx| I005:   Activate VMX-preemption timer            {0,1}
2023-08-16T13:25:18.349+02:00| vmx| I005:   Process posted interrupts                {0,1}
2023-08-16T13:25:18.349+02:00| vmx| I005: True Primary Processor-Based VM-Execution Controls (0xfff9fffe04006172)
2023-08-16T13:25:18.349+02:00| vmx| I005:   Interrupt-window exiting                 {0,1}
2023-08-16T13:25:18.349+02:00| vmx| I005:   Use TSC offsetting                       {0,1}
2023-08-16T13:25:18.349+02:00| vmx| I005:   HLT exiting                              {0,1}
2023-08-16T13:25:18.349+02:00| vmx| I005:   INVLPG exiting                           {0,1}
2023-08-16T13:25:18.349+02:00| vmx| I005:   MWAIT exiting                            {0,1}
2023-08-16T13:25:18.349+02:00| vmx| I005:   RDPMC exiting                            {0,1}
2023-08-16T13:25:18.349+02:00| vmx| I005:   RDTSC exiting                            {0,1}
2023-08-16T13:25:18.349+02:00| vmx| I005:   CR3-load exiting                         {0,1}
2023-08-16T13:25:18.349+02:00| vmx| I005:   CR3-store exiting                        {0,1}
2023-08-16T13:25:18.349+02:00| vmx| I005:   CR8-load exiting                         {0,1}
2023-08-16T13:25:18.349+02:00| vmx| I005:   CR8-store exiting                        {0,1}
2023-08-16T13:25:18.349+02:00| vmx| I005:   Use TPR shadow                           {0,1}
2023-08-16T13:25:18.349+02:00| vmx| I005:   NMI-window exiting                       {0,1}
2023-08-16T13:25:18.349+02:00| vmx| I005:   MOV-DR exiting                           {0,1}
2023-08-16T13:25:18.349+02:00| vmx| I005:   Unconditional I/O exiting                {0,1}
2023-08-16T13:25:18.349+02:00| vmx| I005:   Use I/O bitmaps                          {0,1}
2023-08-16T13:25:18.349+02:00| vmx| I005:   Monitor trap flag                        {0,1}
2023-08-16T13:25:18.349+02:00| vmx| I005:   Use MSR bitmaps                          {0,1}
2023-08-16T13:25:18.349+02:00| vmx| I005:   MONITOR exiting                          {0,1}
2023-08-16T13:25:18.349+02:00| vmx| I005:   PAUSE exiting                            {0,1}
2023-08-16T13:25:18.349+02:00| vmx| I005:   Activate secondary controls              {0,1}
2023-08-16T13:25:18.349+02:00| vmx| I005: Secondary Processor-Based VM-Execution Controls (0x005fbfff00000000)
2023-08-16T13:25:18.349+02:00| vmx| I005:   Virtualize APIC accesses                 {0,1}
2023-08-16T13:25:18.349+02:00| vmx| I005:   Enable EPT                               {0,1}
2023-08-16T13:25:18.349+02:00| vmx| I005:   Descriptor-table exiting                 {0,1}
2023-08-16T13:25:18.349+02:00| vmx| I005:   Enable RDTSCP                            {0,1}
2023-08-16T13:25:18.349+02:00| vmx| I005:   Virtualize x2APIC mode                   {0,1}
2023-08-16T13:25:18.349+02:00| vmx| I005:   Enable VPID                              {0,1}
2023-08-16T13:25:18.349+02:00| vmx| I005:   WBINVD exiting                           {0,1}
2023-08-16T13:25:18.349+02:00| vmx| I005:   Unrestricted guest                       {0,1}
2023-08-16T13:25:18.349+02:00| vmx| I005:   APIC-register virtualization             {0,1}
2023-08-16T13:25:18.349+02:00| vmx| I005:   Virtual-interrupt delivery               {0,1}
2023-08-16T13:25:18.349+02:00| vmx| I005:   PAUSE-loop exiting                       {0,1}
2023-08-16T13:25:18.349+02:00| vmx| I005:   RDRAND exiting                           {0,1}
2023-08-16T13:25:18.349+02:00| vmx| I005:   Enable INVPCID                           {0,1}
2023-08-16T13:25:18.349+02:00| vmx| I005:   Enable VM Functions                      {0,1}
2023-08-16T13:25:18.349+02:00| vmx| I005:   Use VMCS shadowing                       { 0 }
2023-08-16T13:25:18.349+02:00| vmx| I005:   ENCLS exiting                            {0,1}
2023-08-16T13:25:18.349+02:00| vmx| I005:   RDSEED exiting                           {0,1}
2023-08-16T13:25:18.349+02:00| vmx| I005:   Enable PML                               {0,1}
2023-08-16T13:25:18.349+02:00| vmx| I005:   EPT-violation #VE                        {0,1}
2023-08-16T13:25:18.349+02:00| vmx| I005:   Enable XSAVES/XRSTORS                    {0,1}
2023-08-16T13:25:18.349+02:00| vmx| I005:   Mode-based execute control for EPT       {0,1}
2023-08-16T13:25:18.349+02:00| vmx| I005:   Use TSC scaling                          { 0 }
2023-08-16T13:25:18.349+02:00| vmx| I005:   Enable ENCLV in VMX non-root mode        { 0 }
2023-08-16T13:25:18.349+02:00| vmx| I005:   Enable EPC Virtualization Extensions     { 0 }
2023-08-16T13:25:18.349+02:00| vmx| I005: True VM-Exit Controls (0x01ffffff00036dfb)
2023-08-16T13:25:18.349+02:00| vmx| I005:   Save debug controls                      {0,1}
2023-08-16T13:25:18.349+02:00| vmx| I005:   Host address-space size                  {0,1}
2023-08-16T13:25:18.349+02:00| vmx| I005:   Load IA32_PERF_GLOBAL_CTRL               {0,1}
2023-08-16T13:25:18.349+02:00| vmx| I005:   Acknowledge interrupt on exit            {0,1}
2023-08-16T13:25:18.349+02:00| vmx| I005:   Save IA32_PAT                            {0,1}
2023-08-16T13:25:18.349+02:00| vmx| I005:   Load IA32_PAT                            {0,1}
2023-08-16T13:25:18.349+02:00| vmx| I005:   Save IA32_EFER                           {0,1}
2023-08-16T13:25:18.349+02:00| vmx| I005:   Load IA32_EFER                           {0,1}
2023-08-16T13:25:18.349+02:00| vmx| I005:   Save VMX-preemption timer                {0,1}
2023-08-16T13:25:18.349+02:00| vmx| I005: True VM-Entry Controls (0x0003ffff000011fb)
2023-08-16T13:25:18.349+02:00| vmx| I005:   Load debug controls                      {0,1}
2023-08-16T13:25:18.349+02:00| vmx| I005:   IA-32e mode guest                        {0,1}
2023-08-16T13:25:18.349+02:00| vmx| I005:   Entry to SMM                             {0,1}
2023-08-16T13:25:18.349+02:00| vmx| I005:   Deactivate dual-monitor mode             {0,1}
2023-08-16T13:25:18.349+02:00| vmx| I005:   Load IA32_PERF_GLOBAL_CTRL               {0,1}
2023-08-16T13:25:18.349+02:00| vmx| I005:   Load IA32_PAT                            {0,1}
2023-08-16T13:25:18.349+02:00| vmx| I005:   Load IA32_EFER                           {0,1}
2023-08-16T13:25:18.349+02:00| vmx| I005: VPID and EPT Capabilities (0x00000f0106734141)
2023-08-16T13:25:18.349+02:00| vmx| I005:   R=0/W=0/X=1                      yes
2023-08-16T13:25:18.349+02:00| vmx| I005:   Page-walk length 3               yes
2023-08-16T13:25:18.349+02:00| vmx| I005:   EPT memory type WB               yes
2023-08-16T13:25:18.349+02:00| vmx| I005:   2MB super-page                   yes
2023-08-16T13:25:18.349+02:00| vmx| I005:   1GB super-page                   yes
2023-08-16T13:25:18.349+02:00| vmx| I005:   INVEPT support                   yes
2023-08-16T13:25:18.349+02:00| vmx| I005:   Access & Dirty Bits              yes
2023-08-16T13:25:18.349+02:00| vmx| I005:   Advanced VM exit information for EPT violations   yes
2023-08-16T13:25:18.349+02:00| vmx| I005:   Type 1 INVEPT                    yes
2023-08-16T13:25:18.349+02:00| vmx| I005:   Type 2 INVEPT                    yes
2023-08-16T13:25:18.349+02:00| vmx| I005:   INVVPID support                  yes
2023-08-16T13:25:18.349+02:00| vmx| I005:   Type 0 INVVPID                   yes
2023-08-16T13:25:18.349+02:00| vmx| I005:   Type 1 INVVPID                   yes
2023-08-16T13:25:18.349+02:00| vmx| I005:   Type 2 INVVPID                   yes
2023-08-16T13:25:18.349+02:00| vmx| I005:   Type 3 INVVPID                   yes
2023-08-16T13:25:18.349+02:00| vmx| I005: Miscellaneous VMX Data (0x000000007004c1e7)
2023-08-16T13:25:18.349+02:00| vmx| I005:   TSC to preemption timer ratio      7
2023-08-16T13:25:18.349+02:00| vmx| I005:   VM-Exit saves EFER.LMA           yes
2023-08-16T13:25:18.350+02:00| vmx| I005:   Activity State HLT               yes
2023-08-16T13:25:18.350+02:00| vmx| I005:   Activity State shutdown          yes
2023-08-16T13:25:18.350+02:00| vmx| I005:   Activity State wait-for-SIPI     yes
2023-08-16T13:25:18.350+02:00| vmx| I005:   CR3 targets supported              4
2023-08-16T13:25:18.350+02:00| vmx| I005:   Maximum MSR list size            512
2023-08-16T13:25:18.350+02:00| vmx| I005:   Allow all VMWRITEs               yes
2023-08-16T13:25:18.350+02:00| vmx| I005:   Allow zero instruction length    yes
2023-08-16T13:25:18.350+02:00| vmx| I005:   MSEG revision ID                   0
2023-08-16T13:25:18.350+02:00| vmx| I005:   Processor trace in VMX           yes
2023-08-16T13:25:18.350+02:00| vmx| I005: VMX-Fixed Bits in CR0 (0x0000000080000021/0x00000000ffffffff)
2023-08-16T13:25:18.350+02:00| vmx| I005:   Fixed to 0        0xffffffff00000000
2023-08-16T13:25:18.350+02:00| vmx| I005:   Fixed to 1        0x0000000080000021
2023-08-16T13:25:18.350+02:00| vmx| I005:   Variable          0x000000007fffffde
2023-08-16T13:25:18.350+02:00| vmx| I005: VMX-Fixed Bits in CR4 (0x0000000000002000/0x00000000007727ff)
2023-08-16T13:25:18.350+02:00| vmx| I005:   Fixed to 0        0xffffffffff88d800
2023-08-16T13:25:18.350+02:00| vmx| I005:   Fixed to 1        0x0000000000002000
2023-08-16T13:25:18.350+02:00| vmx| I005:   Variable          0x00000000007707ff
2023-08-16T13:25:18.350+02:00| vmx| I005: VMCS Enumeration (0x000000000000002e)
2023-08-16T13:25:18.350+02:00| vmx| I005:   Highest index                   0x17
2023-08-16T13:25:18.350+02:00| vmx| I005: VM Functions (0x0000000000000001)
2023-08-16T13:25:18.350+02:00| vmx| I005:   Function  0 (EPTP-switching) supported.
2023-08-16T13:25:18.350+02:00| vmx| I005: Monitor_PowerOn: hostedVSMPMaxSkew is 1500 us (3887998 cycles)
2023-08-16T13:25:18.350+02:00| vmx| I005: vmm-modules: [vmm.vmm, vmce-vmce.vmm, viommu-vvtd.vmm, vprobe-none.vmm, hv-vt.vmm, gphys-ept.vmm, callstack-none.vmm, gi-none.vmm, gmm-none.vmm, ahci-ahci.vmm, !ahciRegs=0x0, !ahciShared=0x1000, !e1000Shared=0x1c00, !viommuDrainCounters=0x2480, !vmSamples=0x24c0, !theIOSpace=0x2500, !ttGPPerVcpu=0x8880, {UseUnwind}=0x0, numVCPUsAsAddr=0x2, {SharedAreaReservations}=0x88c0, {rodataSize}=0x21675, {textAddr}=0xfffffffffc000000, {textSize}=0x95a7e, <MonSrcFile>]
2023-08-16T13:25:18.350+02:00| vmx| I005: vmm-vcpus:   2
2023-08-16T13:25:18.397+02:00| vmx| I005: KHZEstimate 2591999
2023-08-16T13:25:18.397+02:00| vmx| I005: MHZEstimate 2592
2023-08-16T13:25:18.397+02:00| vmx| I005: NumVCPUs 2
2023-08-16T13:25:18.397+02:00| vmx| I005: MonTimer: host does not have high resolution timers.
2023-08-16T13:25:18.397+02:00| vmx| I005: AIOGNRC: numThreads=17 ide=0, scsi=1, passthru=0
2023-08-16T13:25:18.397+02:00| vmx| I005: WORKER: Creating new group with maxThreads=17 (17)
2023-08-16T13:25:18.410+02:00| vmx| I005: WORKER: Creating new group with maxThreads=1 (18)
2023-08-16T13:25:18.411+02:00| vmx| I005: MainMem: CPT Host WZ=0 PF=4096 D=0
2023-08-16T13:25:18.411+02:00| vmx| I005: MainMem: CPT PLS=1 PLR=1 BS=1 BlkP=32 Mult=4 W=50
2023-08-16T13:25:18.412+02:00| vmx| I005: MainMem: Opened paging file, 'C:\vm3\564d5e92-84a3-569b-e990-324f3d252215.vmem'.
2023-08-16T13:25:18.412+02:00| vmx| I005: MStat: Creating Stat vm.uptime
2023-08-16T13:25:18.412+02:00| vmx| I005: MStat: Creating Stat vm.suspendTime
2023-08-16T13:25:18.412+02:00| vmx| I005: MStat: Creating Stat vm.powerOnTimeStamp
2023-08-16T13:25:18.412+02:00| aioCompletion| I005: VTHREAD 14808 "aioCompletion"
2023-08-16T13:25:18.413+02:00| vmx| I005: VMXAIOMGR: Using: simple=Compl
2023-08-16T13:25:18.414+02:00| vmx| I005: WORKER: Creating new group with maxThreads=1 (19)
2023-08-16T13:25:18.417+02:00| vmx| I005: WORKER: Creating new group with maxThreads=16 (35)
2023-08-16T13:25:18.417+02:00| vmx| I005: FeatureCompat: No VM masks.
2023-08-16T13:25:18.417+02:00| vmx| I005: TimeTracker host to guest rate conversion 86023286255 @ 2591999000Hz -> 0 @ 2591999000Hz
2023-08-16T13:25:18.417+02:00| vmx| I005: TimeTracker host to guest rate conversion ((x * 2147483648) >> 31) + -86023286255
2023-08-16T13:25:18.417+02:00| vmx| I005: Disabling TSC scaling since virtual_rdtsc is disabled.
2023-08-16T13:25:18.417+02:00| vmx| I005: TSC offsetting enabled.
2023-08-16T13:25:18.417+02:00| vmx| I005: timeTracker.globalProgressMaxAllowanceMS: 2000
2023-08-16T13:25:18.417+02:00| vmx| I005: timeTracker.globalProgressToAllowanceNS: 1000
2023-08-16T13:25:18.418+02:00| vmx| I005: MKS PowerOn
2023-08-16T13:25:18.419+02:00| mks| I005: VTHREAD 18132 "mks"
2023-08-16T13:25:18.419+02:00| mks| I005: MKS thread is alive
2023-08-16T13:25:18.419+02:00| svga| I005: VTHREAD 19460 "svga"
2023-08-16T13:25:18.419+02:00| svga| I005: SVGA thread is alive
2023-08-16T13:25:18.419+02:00| mks| I005: MKS: SSE2=1, SSSE3=1, SSE4_1=1
2023-08-16T13:25:18.421+02:00| mouse| I005: VTHREAD 18128 "mouse"
2023-08-16T13:25:18.421+02:00| mks| I005: MKS-HookKeyboard: RegQueryValueEx(LowLevelHooksTimeout) failed: The system cannot find the file specified (2)
2023-08-16T13:25:18.421+02:00| kbh| I005: VTHREAD 18124 "kbh"
2023-08-16T13:25:18.424+02:00| mks| I005: MKS Win32: Registering top level window (0x60930) to receive session change notification.
2023-08-16T13:25:18.424+02:00| mks| I005: Current Display Settings:
2023-08-16T13:25:18.425+02:00| mks| I005:    Display: 0 size: 1920x1080  position: (0, 0) name: \\.\DISPLAY1  
2023-08-16T13:25:18.425+02:00| mks| I005: MKS Win32: MIL: 0x4000
2023-08-16T13:25:18.425+02:00| mks| I005: MKS-RenderMain: PowerOn allowed MKSBasicOps DX11Renderer DX11BasicRenderer ISBRenderer 
2023-08-16T13:25:18.425+02:00| mks| I005: MKS-RenderMain: Collecting RenderOps caps from ISBRenderer
2023-08-16T13:25:18.425+02:00| mks| I005: MKS-RenderMain: Starting ISBRenderer
2023-08-16T13:25:18.426+02:00| mks| I005: ISBRendererComm: mksSandbox command-line: C:\Program Files (x86)\VMware\VMware Workstation\x64\mksSandbox.exe --logFile C:\vm3\mksSandbox.log --pipeInfo \\.\pipe\vmware\mksSandbox\mksSandbox-52 c4 ff 3d 6c 44 fb 50-17 df 7e 44 82 11 33 73
2023-08-16T13:25:18.426+02:00| mks| I005: ISBRendererComm: Failed to create process as user (error=2)
2023-08-16T13:25:18.427+02:00| mks| I005: ISBRendererComm: Failed to spawn the sandbox process: (2) The system cannot find the file specified
2023-08-16T13:25:18.427+02:00| mks| I005: ISBRendererComm: Failed to spawn the sandbox process
2023-08-16T13:25:18.427+02:00| mks| I005: ISBRendererComm: Unable to spawn mksSandbox
2023-08-16T13:25:18.427+02:00| mks| I005: ISBRenderOps: ISBRenderer failed to PowerOn.
2023-08-16T13:25:18.427+02:00| mks| I005: MKS-RenderMain: Failed to start the renderer ISBRenderer
2023-08-16T13:25:18.427+02:00| mks| I005: MKS-RenderMain: Collecting RenderOps caps from DX11Renderer
2023-08-16T13:25:18.427+02:00| mks| I005: MKS-RenderMain: Starting DX11Renderer
2023-08-16T13:25:18.431+02:00| mks| W003: DX11Renderer: Enumerating adapter 0
2023-08-16T13:25:18.431+02:00| mks| I005: DX11Renderer: `NVIDIA GeForce RTX 3070 Laptop GPU` vendor=0x10de device=0x249d revision=161
2023-08-16T13:25:18.431+02:00| mks| I005: DX11Renderer: video=8044MB system=0MB shared=8107MB
2023-08-16T13:25:18.431+02:00| mks| I005: DX11Renderer: LOCAL     budget  7276M usage     0M avail  3766M res     0M
2023-08-16T13:25:18.431+02:00| mks| I005: DX11Renderer: NON-LOCAL budget  7446M usage     0M avail  3851M res     0M
2023-08-16T13:25:18.569+02:00| mks| W003: DX11Renderer: Using device unknown; adapter `NVIDIA GeForce RTX 3070 Laptop GPU`
2023-08-16T13:25:18.569+02:00| mks| W003: DX11Renderer: Enumerating adapter 1
2023-08-16T13:25:18.569+02:00| mks| I005: DX11Renderer: `Intel(R) UHD Graphics` vendor=0x8086 device=0x9bc4 revision=5
2023-08-16T13:25:18.569+02:00| mks| I005: DX11Renderer: video=128MB system=0MB shared=8107MB
2023-08-16T13:25:18.569+02:00| mks| I005: DX11Renderer: LOCAL     budget  7446M usage     0M avail  3851M res     0M
2023-08-16T13:25:18.569+02:00| mks| I005: DX11Renderer: NON-LOCAL budget     0M usage     0M avail     0M res     0M
2023-08-16T13:25:18.569+02:00| mks| W003: DX11Renderer: Enumerating adapter 2
2023-08-16T13:25:18.569+02:00| mks| I005: DX11Renderer: `Microsoft Basic Render Driver` vendor=0x1414 device=0x008c revision=0
2023-08-16T13:25:18.569+02:00| mks| I005: DX11Renderer: video=0MB system=0MB shared=8107MB
2023-08-16T13:25:18.569+02:00| mks| I005: DX11Renderer: LOCAL     budget  7446M usage     0M avail  3851M res     0M
2023-08-16T13:25:18.569+02:00| mks| I005: DX11Renderer: NON-LOCAL budget     0M usage     0M avail     0M res     0M
2023-08-16T13:25:18.570+02:00| mks| I005: DX11Renderer: NVIDIA driver version 461.79 (branch r460_00)
2023-08-16T13:25:18.571+02:00| mks| I005: DX11Renderer: Max 2D Texture Size=16384
2023-08-16T13:25:18.571+02:00| mks| I005: DX11Renderer:  ClearViewSupported: 1
2023-08-16T13:25:18.571+02:00| mks| I005: DX11Renderer:  MultisampleRTVWithForcedSampleCountOne: 1
2023-08-16T13:25:18.571+02:00| mks| I005: DX11Renderer:  MapNoOverwriteOnDynamicConstantBuffer: 1
2023-08-16T13:25:18.571+02:00| mks| I005: DX11Renderer:  MapNoOverwriteOnDynamicBufferSRV: 1
2023-08-16T13:25:18.571+02:00| mks| I005: DX11Renderer:  UseNativeConstantBuffers: 1
2023-08-16T13:25:18.571+02:00| mks| I005: DX11Renderer:  UseBlendLogicOps: 1
2023-08-16T13:25:18.571+02:00| mks| W003: DX11Renderer: SDK=7, feature level=11.0
2023-08-16T13:25:18.571+02:00| mks| W003: DX11Renderer: Max feature level=12.1
2023-08-16T13:25:18.576+02:00| mks| I005: Started Shim3D
2023-08-16T13:25:18.576+02:00| mks| I005: MKS-RenderMain: Started DX11Renderer
2023-08-16T13:25:18.576+02:00| mks| I005: MKS-RenderMain: Found Full Renderer: DX11Renderer
2023-08-16T13:25:18.576+02:00| mks| I005: MKS-RenderMain: MinimalCaps: maxTextureSize=16384
2023-08-16T13:25:18.576+02:00| mks| I005: KHBKL: Unable to parse keystring at: ''
2023-08-16T13:25:18.576+02:00| mks| I005: MKSRemoteMgr: Set default display name: Windows 10 x64
2023-08-16T13:25:18.576+02:00| mks| I005: MKSRemoteMgr: Loading VNC Configuration from VM config file
2023-08-16T13:25:18.577+02:00| vmx| I005: VLANCE: send cluster threshold is 80, size = 2 recalcInterval is 20000 us
2023-08-16T13:25:18.577+02:00| vmx| I005: VMXNET: send cluster threshold is 80, size = 2 recalcInterval is 20000 ticks, dontClusterSize is 128
2023-08-16T13:25:18.578+02:00| vmx| I005: Chipset version: 0x13
2023-08-16T13:25:18.580+02:00| vmx| I005: SOUNDLIB: Creating the Wave sound backend.
2023-08-16T13:25:18.580+02:00| vmx| I005: MigrateBusMemPrealloc: BusMem preallocation begins.
2023-08-16T13:25:18.580+02:00| vmx| I005: MigrateBusMemPrealloc: BusMem preallocation completes.
2023-08-16T13:25:18.581+02:00| vmx| A000: ConfigDB: Setting scsi0:0.redo = ""
2023-08-16T13:25:18.581+02:00| vmx| I005: DISK: OPEN scsi0:0 'C:\vm3\Windows 10 x64.vmdk' persistent R[]
2023-08-16T13:25:22.088+02:00| vmx| I005: FILE: FileLockWaitForPossession timeout on 'C:\vm3\Windows 10 x64.vmdk.lck\M02512.lck' due to a local process '14920-133366585936128065(vixDiskMountServer.exe)'
2023-08-16T13:25:22.088+02:00| vmx| W003: FILE: FileIO_Lock on 'C:\vm3\Windows 10 x64.vmdk' failed: An attempt was made to load a program with an incorrect format
2023-08-16T13:25:22.088+02:00| vmx| I005: OBJLIB-FILEBE : FileBEOpen: can't open 'C:\vm3\Windows 10 x64.vmdk' : The process cannot access the file because another process has locked a portion of the file (2162692).
2023-08-16T13:25:22.088+02:00| vmx| I005: DISKLIB-DSCPTR: DescriptorOpenInt: failed to open 'C:\vm3\Windows 10 x64.vmdk' with flags 0x21: The process cannot access the file because another process has locked a portion of the file (210004)
2023-08-16T13:25:22.088+02:00| vmx| I005: DISKLIB-LINK  : "C:\vm3\Windows 10 x64.vmdk" : failed to open (The process cannot access the file because another process has locked a portion of the file).  
2023-08-16T13:25:22.088+02:00| vmx| I005: DISKLIB-CHAIN : "C:\vm3\Windows 10 x64.vmdk" : failed to open (The process cannot access the file because another process has locked a portion of the file).
2023-08-16T13:25:22.088+02:00| vmx| I005: DISKLIB-LIB   : Failed to open 'C:\vm3\Windows 10 x64.vmdk' with flags 0xa The process cannot access the file because another process has locked a portion of the file (2162697).
2023-08-16T13:25:22.088+02:00| vmx| I005: DISK: Cannot open disk 'C:\vm3\Windows 10 x64.vmdk': The process cannot access the file because another process has locked a portion of the file (2162697).
2023-08-16T13:25:22.088+02:00| vmx| I005: DISK: Opening disks took 3507 ms.
2023-08-16T13:25:22.088+02:00| vmx| I005: Module 'Disk' power on failed.
2023-08-16T13:25:22.088+02:00| vmx| I005: VMX_PowerOn: ModuleTable_PowerOn = 0
2023-08-16T13:25:22.089+02:00| vmx| I005: SOUNDLIB: Closing Wave sound backend.
2023-08-16T13:25:22.089+02:00| svga| I005: SVGA: SVGA thread is skipping the main loop
2023-08-16T13:25:22.089+02:00| vmx| I005: MKS/SVGA threads are stopped
2023-08-16T13:25:22.091+02:00| mks| I005: Stopped Shim3D
2023-08-16T13:25:22.091+02:00| mks| I005: DX11Renderer: Clearing device context
2023-08-16T13:25:22.091+02:00| mks| I005: DX11Renderer: Release D3D device
2023-08-16T13:25:22.100+02:00| mks| I005: DX11Renderer: Releasing DXGI Adapter
2023-08-16T13:25:22.100+02:00| mks| I005: DX11Renderer: Releasing DXGI Factory
2023-08-16T13:25:22.100+02:00| mks| I005: DX11Renderer: Unloading modules
2023-08-16T13:25:22.100+02:00| mks| I005: MKS-RenderMain: Stopped DX11Renderer
2023-08-16T13:25:22.101+02:00| mks| I005: MKS PowerOff
2023-08-16T13:25:22.101+02:00| mks| I005: MKS thread is exiting
2023-08-16T13:25:22.101+02:00| svga| I005: SVGA thread is exiting
2023-08-16T13:25:22.101+02:00| vmx| W003: 
2023-08-16T13:25:22.104+02:00| vmx| I005: AIOWIN32C: asyncOps=0 syncOps=0 bufSize=0Kb fixedOps=0
2023-08-16T13:25:22.104+02:00| aioCompletion| I005: AIO thread processed 0 completions
2023-08-16T13:25:22.105+02:00| deviceThread| I005: Device thread is exiting
2023-08-16T13:25:22.105+02:00| vmx| I005: Vix: [mainDispatch.c:1163]: VMAutomationPowerOff: Powering off.
2023-08-16T13:25:22.106+02:00| vmx| I005: Win32U_GetFileAttributes: GetFileAttributesExW("C:\vm3\Windows 10 x64.vmpl", ...) failed, error: 2
2023-08-16T13:25:22.106+02:00| vmx| I005: Policy_SavePolicyFile: invalid arguments to function.
2023-08-16T13:25:22.106+02:00| vmx| I005: PolicyVMX_Exit: Could not write out policies: 15.
2023-08-16T13:25:22.106+02:00| vmx| I005: WORKER: asyncOps=1 maxActiveOps=1 maxPending=1 maxCompleted=0
2023-08-16T13:25:22.106+02:00| PowerNotifyThread| I005: PowerNotify thread exiting.
2023-08-16T13:25:22.111+02:00| vmx| I005: Vix: [mainDispatch.c:4204]: VMAutomation_ReportPowerOpFinished: statevar=1, newAppState=1873, success=1 additionalError=0
2023-08-16T13:25:22.112+02:00| vmx| I005: 
2023-08-16T13:25:22.112+02:00| vmx| I005+ Power on failure messages:       ,        
2023-08-16T13:25:22.112+02:00| vmx| I005+ Cannot open the disk 'C:\vm3\Windows 10 x64.vmdk' or one of the snapshot disks it depends on.
2023-08-16T13:25:22.112+02:00| vmx| I005+ Module 'Disk' power on failed.
2023-08-16T13:25:22.112+02:00| vmx| I005+ Failed to start the virtual machine.
2023-08-16T13:25:22.112+02:00| vmx| I005+ 
2023-08-16T13:25:22.113+02:00| vmx| I005: Vix: [mainDispatch.c:4204]: VMAutomation_ReportPowerOpFinished: statevar=0, newAppState=1870, success=1 additionalError=0
2023-08-16T13:25:22.113+02:00| vmx| I005: Transitioned vmx/execState/val to poweredOff
2023-08-16T13:25:22.113+02:00| vmx| I005: Vix: [mainDispatch.c:4204]: VMAutomation_ReportPowerOpFinished: statevar=0, newAppState=1870, success=0 additionalError=0
2023-08-16T13:25:22.113+02:00| vmx| I005: Vix: [mainDispatch.c:4242]: Error VIX_E_FAIL in VMAutomation_ReportPowerOpFinished(): Unknown error
2023-08-16T13:25:22.113+02:00| vmx| I005: Vix: [mainDispatch.c:4204]: VMAutomation_ReportPowerOpFinished: statevar=0, newAppState=1870, success=1 additionalError=0
2023-08-16T13:25:22.113+02:00| vmx| I005: Transitioned vmx/execState/val to poweredOff
2023-08-16T13:25:22.113+02:00| vmx| I005: WQPoolFreePoll : pollIx = 3, signalHandle = 1044
2023-08-16T13:25:22.114+02:00| vmx| I005: Vix: [mainDispatch.c:815]: VMAutomation_LateShutdown()
2023-08-16T13:25:22.114+02:00| vmx| I005: Vix: [mainDispatch.c:770]: VMAutomationCloseListenerSocket. Closing listener socket.
2023-08-16T13:25:22.114+02:00| vmx| I005: Flushing VMX VMDB connections
2023-08-16T13:25:22.114+02:00| vmx| I005: VmdbDbRemoveCnx: Removing Cnx from Db for '/db/connection/#1/'
2023-08-16T13:25:22.114+02:00| vmx| I005: VmdbCnxDisconnect: Disconnect: closed pipe for pub cnx '/db/connection/#1/' (0)
2023-08-16T13:25:22.114+02:00| vmx| I005: VigorTransport_ServerDestroy: server destroyed.
2023-08-16T13:25:22.114+02:00| vmx| I005: WQPoolFreePoll : pollIx = 2, signalHandle = 876
2023-08-16T13:25:22.114+02:00| vmx| I005: WQPoolFreePoll : pollIx = 1, signalHandle = 868
2023-08-16T13:25:22.117+02:00| vmx| I005: VMX exit (0).
2023-08-16T13:25:22.117+02:00| vmx| I005: OBJLIB-LIB: ObjLib cleanup done.
2023-08-16T13:25:22.117+02:00| vmx| I005: AIOMGR-S : stat o=1 r=0 w=0 i=0 br=0 bw=0
